[01:59:55] [main/INFO]: Loading Minecraft 1.21.1 with Fabric Loader 0.16.3
[01:59:55] [main/INFO]: Loading 55 mods:
	- cloth-config 15.0.140
	   \-- cloth-basic-math 0.6.1
	- fabric-api 0.116.6+1.21.1
	   |-- fabric-api-base 0.4.42+6573ed8c19
	   |-- fabric-api-lookup-api-v1 1.6.71+b559734419
	   |-- fabric-biome-api-v1 13.0.31+d527f9fd19
	   |-- fabric-block-api-v1 1.1.0+0bc3503219
	   |-- fabric-block-view-api-v2 1.0.11+ebb2264e19
	   |-- fabric-blockrenderlayer-v1 1.1.52+0af3f5a719
	   |-- fabric-client-tags-api-v1 1.1.15+6573ed8c19
	   |-- fabric-command-api-v1 1.2.49+f71b366f19
	   |-- fabric-command-api-v2 2.2.28+6ced4dd919
	   |-- fabric-commands-v0 0.2.66+df3654b319
	   |-- fabric-content-registries-v0 8.0.19+b559734419
	   |-- fabric-convention-tags-v1 2.1.5+7f945d5b19
	   |-- fabric-convention-tags-v2 2.11.1+a406e79519
	   |-- fabric-crash-report-info-v1 0.2.29+0af3f5a719
	   |-- fabric-data-attachment-api-v1 1.4.5+6116a37819
	   |-- fabric-data-generation-api-v1 20.2.33+37516cd619
	   |-- fabric-dimensions-v1 4.0.1+65213ef819
	   |-- fabric-entity-events-v1 1.8.0+2b27e0a419
	   |-- fabric-events-interaction-v0 0.7.13+ba9dae0619
	   |-- fabric-game-rule-api-v1 1.0.53+6ced4dd919
	   |-- fabric-item-api-v1 11.2.0+3b3cb2e819
	   |-- fabric-item-group-api-v1 4.1.7+def88e3a19
	   |-- fabric-key-binding-api-v1 1.0.47+0af3f5a719
	   |-- fabric-keybindings-v0 0.2.45+df3654b319
	   |-- fabric-lifecycle-events-v1 2.6.0+0865547519
	   |-- fabric-loot-api-v2 3.0.15+3f89f5a519
	   |-- fabric-loot-api-v3 1.0.3+3f89f5a519
	   |-- fabric-message-api-v1 6.0.14+8aaf3aca19
	   |-- fabric-model-loading-api-v1 2.1.0+b4d813fc19
	   |-- fabric-networking-api-v1 4.3.0+c7469b2119
	   |-- fabric-object-builder-api-v1 15.2.1+40875a9319
	   |-- fabric-particles-v1 4.0.2+6573ed8c19
	   |-- fabric-recipe-api-v1 5.0.14+248df81c19
	   |-- fabric-registry-sync-v0 5.3.1+e3eddc2119
	   |-- fabric-renderer-api-v1 3.4.1+b4d813fc19
	   |-- fabric-renderer-indigo 1.7.1+c705a49c19
	   |-- fabric-renderer-registries-v1 3.2.69+df3654b319
	   |-- fabric-rendering-data-attachment-v1 0.3.49+73761d2e19
	   |-- fabric-rendering-fluids-v1 3.1.6+1daea21519
	   |-- fabric-rendering-v0 1.1.72+df3654b319
	   |-- fabric-rendering-v1 5.1.0+ab4c25a019
	   |-- fabric-resource-conditions-api-v1 4.3.0+8dc279b119
	   |-- fabric-resource-loader-v0 1.3.1+5b5275af19
	   |-- fabric-screen-api-v1 2.0.25+8b68f1c719
	   |-- fabric-screen-handler-api-v1 1.3.90+b559734419
	   |-- fabric-sound-api-v1 1.0.23+6573ed8c19
	   |-- fabric-transfer-api-v1 5.4.3+c24bd99419
	   \-- fabric-transitive-access-wideners-v1 6.2.0+45b9699719
	- fabricloader 0.16.3
	   \-- mixinextras 0.4.1
	- java 21
	- lithium 0.15.1+mc1.21.1
	- minecraft 1.21.1
	- placeholder-api 2.4.2+1.21
	- ratatouille 1.4-1.21.1
	   \-- datasync_minecraft 0.9.0
	- sound_physics_remastered 1.21.1-1.4.15
	- trainmurdermystery 1.0.2-1.21.1
	   |-- cardinal-components-base 6.1.1
	   |-- cardinal-components-entity 6.1.1
	   |-- cardinal-components-scoreboard 6.1.1
	   |-- cardinal-components-world 6.1.1
	   \-- datasync_minecraft 0.9.0
	- voicechat 1.21.1-2.6.3
	   |-- fabric-key-binding-api-v1 1.0.47+0af3f5a76a
	   \-- voicechat_api 2.6.0
[01:59:55] [main/INFO]: SpongePowered MIXIN Subsystem Version=0.8.7 Source=file:/workspaces/CODEPROGRAM1/servidor_minecraft/libraries/net/fabricmc/sponge-mixin/0.15.2+mixin.0.8.7/sponge-mixin-0.15.2+mixin.0.8.7.jar Service=Knot/Fabric Env=SERVER
[01:59:55] [main/INFO]: Compatibility level set to JAVA_17
[01:59:55] [main/INFO]: Compatibility level set to JAVA_21
[01:59:55] [main/INFO]: Option 'mixin.entity.collisions.fluid' requires 'mixin.util.block_tracking=true' but found 'false'. Setting 'mixin.entity.collisions.fluid=false'.
[01:59:55] [main/INFO]: Option 'mixin.experimental.entity.block_caching.block_support' requires 'mixin.util.block_tracking=true' but found 'false'. Setting 'mixin.experimental.entity.block_caching.block_support=false'.
[01:59:55] [main/INFO]: Option 'mixin.experimental.entity.block_caching.fluid_pushing' requires 'mixin.util.block_tracking=true' but found 'false'. Setting 'mixin.experimental.entity.block_caching.fluid_pushing=false'.
[01:59:55] [main/INFO]: Option 'mixin.experimental.entity.block_caching.block_touching' requires 'mixin.util.block_tracking=true' but found 'false'. Setting 'mixin.experimental.entity.block_caching.block_touching=false'.
[01:59:55] [main/INFO]: Option 'mixin.experimental.entity.block_caching.suffocation' requires 'mixin.util.block_tracking=true' but found 'false'. Setting 'mixin.experimental.entity.block_caching.suffocation=false'.
[01:59:55] [main/INFO]: Option 'mixin.experimental.entity.block_caching' requires 'mixin.util.block_tracking=true' but found 'false'. Setting 'mixin.experimental.entity.block_caching=false'.
[01:59:55] [main/INFO]: Loaded configuration file for Lithium: 149 options available, 0 override(s) found
[01:59:56] [main/WARN]: Error loading class: net/minecraft/class_357 (java.lang.ClassNotFoundException: net/minecraft/class_357)
[01:59:56] [main/WARN]: @Mixin target net.minecraft.class_357 was not found ratatouille.mixins.json:client.optionlock.SliderWidgetMixin from mod ratatouille
[01:59:56] [main/WARN]: Error loading class: net/minecraft/class_922 (java.lang.ClassNotFoundException: net/minecraft/class_922)
[01:59:56] [main/WARN]: @Mixin target net.minecraft.class_922 was not found trainmurdermystery.mixins.json:client.LivingEntityRendererMixin from mod trainmurdermystery
[01:59:56] [main/INFO]: Initializing MixinExtras via com.llamalad7.mixinextras.service.MixinExtrasServiceImpl(version=0.4.1).
[02:00:04] [main/INFO]: [voicechat] Compatibility version 20
[02:00:04] [main/INFO]: [voicechat] Loading plugins
[02:00:04] [main/INFO]: [voicechat] Loaded 2 plugin(s)
[02:00:04] [main/INFO]: [voicechat] Initializing plugins
[02:00:04] [main/INFO]: Initializing Simple Voice Chat integration
[02:00:04] [main/INFO]: [voicechat] Initialized 2 plugin(s)
[02:00:04] [main/INFO]: [voicechat] Registering events for 'sound_physics_remastered'
[02:00:04] [main/INFO]: [voicechat] Registering events for 'trainmurdermystery'
[02:00:05] [main/INFO]: Environment: Environment[sessionHost=https://sessionserver.mojang.com, servicesHost=https://api.minecraftservices.com, name=PROD]
[02:00:06] [Worker-Main-2/ERROR]: Couldn't load tag minecraft:head_armor as it is missing following references: ratatouille:test_armor_helmet (from ratatouille)
[02:00:06] [Worker-Main-2/ERROR]: Couldn't load tag minecraft:enchantable/head_armor as it is missing following references: #minecraft:head_armor (from vanilla)
[02:00:06] [Worker-Main-2/ERROR]: Couldn't load tag minecraft:leg_armor as it is missing following references: ratatouille:test_armor_leggings (from ratatouille)
[02:00:06] [Worker-Main-2/ERROR]: Couldn't load tag minecraft:enchantable/leg_armor as it is missing following references: #minecraft:leg_armor (from vanilla)
[02:00:06] [Worker-Main-2/ERROR]: Couldn't load tag minecraft:chest_armor as it is missing following references: ratatouille:test_armor_chestplate (from ratatouille)
[02:00:06] [Worker-Main-2/ERROR]: Couldn't load tag minecraft:enchantable/chest_armor as it is missing following references: #minecraft:chest_armor (from vanilla)
[02:00:06] [Worker-Main-2/ERROR]: Couldn't load tag minecraft:foot_armor as it is missing following references: ratatouille:test_armor_boots (from ratatouille)
[02:00:06] [Worker-Main-2/ERROR]: Couldn't load tag minecraft:enchantable/foot_armor as it is missing following references: #minecraft:foot_armor (from vanilla)
[02:00:06] [Worker-Main-2/ERROR]: Couldn't load tag minecraft:enchantable/armor as it is missing following references: #minecraft:enchantable/foot_armor (from vanilla), #minecraft:enchantable/leg_armor (from vanilla), #minecraft:enchantable/chest_armor (from vanilla), #minecraft:enchantable/head_armor (from vanilla)
[02:00:06] [Worker-Main-2/ERROR]: Couldn't load tag minecraft:enchantable/durability as it is missing following references: #minecraft:foot_armor (from vanilla), #minecraft:leg_armor (from vanilla), #minecraft:chest_armor (from vanilla), #minecraft:head_armor (from vanilla)
[02:00:06] [Worker-Main-2/ERROR]: Couldn't load tag minecraft:enchantable/vanishing as it is missing following references: #minecraft:enchantable/durability (from vanilla)
[02:00:06] [Worker-Main-2/ERROR]: Couldn't load tag minecraft:trimmable_armor as it is missing following references: #minecraft:foot_armor (from vanilla), #minecraft:leg_armor (from vanilla), #minecraft:chest_armor (from vanilla), #minecraft:head_armor (from vanilla)
[02:00:06] [Worker-Main-2/ERROR]: Couldn't load tag minecraft:enchantable/equippable as it is missing following references: #minecraft:foot_armor (from vanilla), #minecraft:leg_armor (from vanilla), #minecraft:chest_armor (from vanilla), #minecraft:head_armor (from vanilla)
[02:00:06] [main/INFO]: Loaded 1293 recipes
[02:00:06] [main/INFO]: Loaded 1402 advancements
[02:00:06] [main/WARN]: Not all defined tags for registry ResourceKey[minecraft:root / minecraft:item] are present in data pack: minecraft:enchantable/armor, minecraft:enchantable/chest_armor, minecraft:enchantable/durability, minecraft:enchantable/equippable, minecraft:enchantable/foot_armor, minecraft:enchantable/head_armor, minecraft:enchantable/leg_armor, minecraft:enchantable/vanishing
[02:00:07] [main/INFO]: Applied 0 biome modifications to 0 of 64 new biomes in 1.450 ms
[02:00:07] [Server thread/INFO]: Starting minecraft server version 1.21.1
[02:00:07] [Server thread/INFO]: Loading properties
[02:00:07] [Server thread/INFO]: Default game type: SURVIVAL
[02:00:07] [Server thread/INFO]: Generating keypair
[02:00:07] [Server thread/INFO]: Starting Minecraft server on *:25565
[02:00:07] [Server thread/INFO]: Using epoll channel type
[02:00:07] [Server thread/WARN]: **** SERVER IS RUNNING IN OFFLINE/INSECURE MODE!
[02:00:07] [Server thread/WARN]: The server will make no attempt to authenticate usernames. Beware.
[02:00:07] [Server thread/WARN]: While this makes the game possible to play without internet access, it also opens up the ability for hackers to connect with any username they choose.
[02:00:07] [Server thread/WARN]: To change this, set "online-mode" to "true" in the server.properties file.
[02:00:07] [Server thread/INFO]: Preparing level "world"
[02:00:07] [Server thread/INFO]: Preparing start region for dimension minecraft:overworld
[02:00:08] [Worker-Main-1/INFO]: Preparing spawn area: 0%
[02:00:08] [Worker-Main-2/INFO]: Preparing spawn area: 51%
[02:00:08] [Server thread/INFO]: Time elapsed: 550 ms
[02:00:08] [Server thread/INFO]: Done (0.810s)! For help, type "help"
[02:00:08] [Server thread/WARN]: [voicechat] Running in offline mode - Voice chat encryption is not secure!
[02:00:08] [VoiceChatServerThread/INFO]: [voicechat] Voice host is 'electronic-survivor.gl.at.ply.gg'
[02:00:08] [VoiceChatServerThread/INFO]: [voicechat] Voice chat server started at port 14151
[02:00:17] [Server thread/INFO]: [STDOUT]: Lithium Cached BlockState Flags are disabled!
[02:00:17] [Server thread/INFO]: JJMAFIA[/127.84.140.152:39315] logged in with entity id 2 at (-840.5, 2.0, -334.5)
[02:00:17] [Server thread/INFO]: JJMAFIA joined the game
[02:00:17] [ForkJoinPool.commonPool-worker-3/INFO]: Loaded 2 player data objects (took 0s 536ms)
[02:00:18] [Server thread/INFO]: [voicechat] Received secret request of JJMAFIA (20)
[02:00:18] [Server thread/INFO]: [voicechat] Sent secret to JJMAFIA
[02:00:18] [VoiceChatPacketProcessingThread/INFO]: [voicechat] Successfully authenticated player f121fb86-66d0-393d-b701-2ebda1b21884
[02:00:20] [VoiceChatPacketProcessingThread/INFO]: [voicechat] Successfully validated connection of player f121fb86-66d0-393d-b701-2ebda1b21884
[02:00:20] [VoiceChatPacketProcessingThread/INFO]: [voicechat] Player JJMAFIA (f121fb86-66d0-393d-b701-2ebda1b21884) successfully connected to voice chat
[02:00:34] [Server thread/WARN]: Mismatch in destroy block pos: class_2338{x=0, y=0, z=0} class_2338{x=-846, y=1, z=-333}
[02:00:34] [Server thread/WARN]: Mismatch in destroy block pos: class_2338{x=0, y=0, z=0} class_2338{x=-845, y=1, z=-333}
[02:00:34] [Server thread/WARN]: Mismatch in destroy block pos: class_2338{x=0, y=0, z=0} class_2338{x=-845, y=1, z=-334}
[02:00:41] [Server thread/WARN]: Mismatch in destroy block pos: class_2338{x=0, y=0, z=0} class_2338{x=-851, y=1, z=-330}
[02:00:41] [Server thread/WARN]: Mismatch in destroy block pos: class_2338{x=0, y=0, z=0} class_2338{x=-851, y=1, z=-330}
[02:00:41] [Server thread/WARN]: Mismatch in destroy block pos: class_2338{x=0, y=0, z=0} class_2338{x=-850, y=1, z=-330}
[02:00:41] [Server thread/WARN]: Mismatch in destroy block pos: class_2338{x=0, y=0, z=0} class_2338{x=-850, y=1, z=-330}
[02:00:42] [Server thread/WARN]: Mismatch in destroy block pos: class_2338{x=0, y=0, z=0} class_2338{x=-849, y=1, z=-330}
[02:00:42] [Server thread/WARN]: Mismatch in destroy block pos: class_2338{x=0, y=0, z=0} class_2338{x=-852, y=1, z=-328}
[02:00:42] [Server thread/WARN]: Mismatch in destroy block pos: class_2338{x=0, y=0, z=0} class_2338{x=-851, y=1, z=-329}
[02:00:43] [Server thread/WARN]: Mismatch in destroy block pos: class_2338{x=0, y=0, z=0} class_2338{x=-851, y=1, z=-328}
[02:00:43] [Server thread/WARN]: Mismatch in destroy block pos: class_2338{x=0, y=0, z=0} class_2338{x=-852, y=1, z=-328}
[02:00:43] [Server thread/WARN]: Mismatch in destroy block pos: class_2338{x=0, y=0, z=0} class_2338{x=-851, y=1, z=-328}
[02:00:43] [Server thread/WARN]: Mismatch in destroy block pos: class_2338{x=0, y=0, z=0} class_2338{x=-852, y=1, z=-328}
[02:00:43] [Server thread/WARN]: Mismatch in destroy block pos: class_2338{x=0, y=0, z=0} class_2338{x=-852, y=1, z=-327}
[02:00:43] [Server thread/WARN]: Mismatch in destroy block pos: class_2338{x=0, y=0, z=0} class_2338{x=-852, y=1, z=-328}
[02:00:44] [Server thread/WARN]: Mismatch in destroy block pos: class_2338{x=0, y=0, z=0} class_2338{x=-853, y=1, z=-328}
[02:00:44] [Server thread/WARN]: Mismatch in destroy block pos: class_2338{x=0, y=0, z=0} class_2338{x=-854, y=1, z=-328}
[02:00:44] [Server thread/WARN]: Mismatch in destroy block pos: class_2338{x=0, y=0, z=0} class_2338{x=-854, y=1, z=-329}
[02:00:44] [Server thread/WARN]: Mismatch in destroy block pos: class_2338{x=0, y=0, z=0} class_2338{x=-855, y=1, z=-329}
[02:00:44] [Server thread/WARN]: Mismatch in destroy block pos: class_2338{x=0, y=0, z=0} class_2338{x=-855, y=1, z=-328}
[02:00:46] [Server thread/WARN]: Mismatch in destroy block pos: class_2338{x=0, y=0, z=0} class_2338{x=-856, y=3, z=-328}
[02:00:47] [Server thread/WARN]: Mismatch in destroy block pos: class_2338{x=0, y=0, z=0} class_2338{x=-856, y=3, z=-327}
[02:00:47] [Server thread/WARN]: Mismatch in destroy block pos: class_2338{x=0, y=0, z=0} class_2338{x=-856, y=3, z=-326}
[02:00:47] [Server thread/WARN]: Mismatch in destroy block pos: class_2338{x=0, y=0, z=0} class_2338{x=-856, y=3, z=-325}
[02:00:48] [Server thread/WARN]: Mismatch in destroy block pos: class_2338{x=0, y=0, z=0} class_2338{x=-851, y=1, z=-328}
[02:00:48] [Server thread/WARN]: Mismatch in destroy block pos: class_2338{x=0, y=0, z=0} class_2338{x=-852, y=1, z=-328}
[02:00:48] [Server thread/WARN]: Mismatch in destroy block pos: class_2338{x=0, y=0, z=0} class_2338{x=-852, y=1, z=-329}
[02:00:48] [Server thread/WARN]: Mismatch in destroy block pos: class_2338{x=0, y=0, z=0} class_2338{x=-851, y=1, z=-329}
[02:00:49] [Server thread/WARN]: Mismatch in destroy block pos: class_2338{x=0, y=0, z=0} class_2338{x=-851, y=1, z=-330}
[02:00:49] [Server thread/WARN]: Mismatch in destroy block pos: class_2338{x=0, y=0, z=0} class_2338{x=-850, y=1, z=-330}
[02:00:49] [Server thread/WARN]: Mismatch in destroy block pos: class_2338{x=0, y=0, z=0} class_2338{x=-850, y=1, z=-331}
[02:00:49] [Server thread/WARN]: Mismatch in destroy block pos: class_2338{x=0, y=0, z=0} class_2338{x=-849, y=1, z=-331}
[02:00:50] [Server thread/WARN]: Mismatch in destroy block pos: class_2338{x=0, y=0, z=0} class_2338{x=-849, y=1, z=-332}
[02:00:50] [Server thread/WARN]: Mismatch in destroy block pos: class_2338{x=0, y=0, z=0} class_2338{x=-848, y=1, z=-332}
[02:00:50] [Server thread/WARN]: Mismatch in destroy block pos: class_2338{x=0, y=0, z=0} class_2338{x=-848, y=1, z=-333}
[02:00:50] [Server thread/WARN]: Mismatch in destroy block pos: class_2338{x=0, y=0, z=0} class_2338{x=-847, y=1, z=-333}
[02:00:51] [Server thread/WARN]: Mismatch in destroy block pos: class_2338{x=0, y=0, z=0} class_2338{x=-847, y=1, z=-334}
[02:00:51] [Server thread/WARN]: Mismatch in destroy block pos: class_2338{x=0, y=0, z=0} class_2338{x=-846, y=1, z=-334}
[02:00:51] [Server thread/WARN]: Mismatch in destroy block pos: class_2338{x=0, y=0, z=0} class_2338{x=-846, y=1, z=-335}
[02:00:51] [Server thread/WARN]: Mismatch in destroy block pos: class_2338{x=0, y=0, z=0} class_2338{x=-845, y=1, z=-335}
[02:00:51] [Server thread/WARN]: Mismatch in destroy block pos: class_2338{x=0, y=0, z=0} class_2338{x=-845, y=1, z=-336}
[02:00:52] [Server thread/WARN]: Mismatch in destroy block pos: class_2338{x=0, y=0, z=0} class_2338{x=-844, y=1, z=-336}
[02:00:52] [Server thread/WARN]: Mismatch in destroy block pos: class_2338{x=0, y=0, z=0} class_2338{x=-843, y=1, z=-336}
[02:00:52] [Server thread/WARN]: Mismatch in destroy block pos: class_2338{x=0, y=0, z=0} class_2338{x=-842, y=1, z=-336}
[02:00:52] [Server thread/WARN]: Mismatch in destroy block pos: class_2338{x=0, y=0, z=0} class_2338{x=-842, y=1, z=-335}
[02:00:53] [Server thread/WARN]: Mismatch in destroy block pos: class_2338{x=0, y=0, z=0} class_2338{x=-841, y=1, z=-335}
[02:00:53] [Server thread/WARN]: Mismatch in destroy block pos: class_2338{x=0, y=0, z=0} class_2338{x=-840, y=1, z=-335}
[02:00:53] [Server thread/WARN]: Mismatch in destroy block pos: class_2338{x=0, y=0, z=0} class_2338{x=-839, y=1, z=-335}
[02:00:54] [Server thread/WARN]: Mismatch in destroy block pos: class_2338{x=0, y=0, z=0} class_2338{x=-838, y=1, z=-335}
[02:00:54] [Server thread/WARN]: Mismatch in destroy block pos: class_2338{x=0, y=0, z=0} class_2338{x=-837, y=1, z=-335}
[02:00:54] [Server thread/WARN]: Mismatch in destroy block pos: class_2338{x=0, y=0, z=0} class_2338{x=-837, y=1, z=-334}
[02:02:21] [Server thread/INFO]: Metoops[/127.56.183.106:58405] logged in with entity id 3 at (-914.8264344520449, 1.0, -360.44399157332373)
[02:02:21] [Server thread/INFO]: Metoops joined the game
[02:02:21] [ForkJoinPool.commonPool-worker-6/INFO]: Loaded 2 player data objects (took 0s 303ms)
[02:02:22] [Server thread/INFO]: [voicechat] Received secret request of Metoops (20)
[02:02:22] [Server thread/INFO]: [voicechat] Sent secret to Metoops
[02:02:22] [VoiceChatPacketProcessingThread/INFO]: [voicechat] Successfully authenticated player 32e03232-ff2a-3ea0-af8f-08a709522849
[02:02:24] [VoiceChatPacketProcessingThread/INFO]: [voicechat] Successfully validated connection of player 32e03232-ff2a-3ea0-af8f-08a709522849
[02:02:24] [VoiceChatPacketProcessingThread/INFO]: [voicechat] Player Metoops (32e03232-ff2a-3ea0-af8f-08a709522849) successfully connected to voice chat
[02:02:30] [Server thread/WARN]: Mismatch in destroy block pos: class_2338{x=0, y=0, z=0} class_2338{x=-840, y=1, z=-335}
[02:02:47] [Server thread/INFO]: [Not Secure] <Metoops> jairo
[02:02:48] [Server thread/WARN]: Mismatch in destroy block pos: class_2338{x=0, y=0, z=0} class_2338{x=-836, y=3, z=-329}
[02:02:48] [Server thread/WARN]: Mismatch in destroy block pos: class_2338{x=0, y=0, z=0} class_2338{x=-836, y=3, z=-329}
[02:02:49] [Server thread/WARN]: Mismatch in destroy block pos: class_2338{x=0, y=0, z=0} class_2338{x=-836, y=3, z=-330}
[02:03:08] [Server thread/WARN]: Mismatch in destroy block pos: class_2338{x=0, y=0, z=0} class_2338{x=-851, y=1, z=-332}
[02:03:08] [Server thread/WARN]: Mismatch in destroy block pos: class_2338{x=0, y=0, z=0} class_2338{x=-850, y=1, z=-331}
[02:03:08] [Server thread/WARN]: Mismatch in destroy block pos: class_2338{x=0, y=0, z=0} class_2338{x=-850, y=1, z=-332}
[02:03:09] [Server thread/WARN]: Mismatch in destroy block pos: class_2338{x=0, y=0, z=0} class_2338{x=-851, y=1, z=-332}
[02:03:09] [Server thread/WARN]: Mismatch in destroy block pos: class_2338{x=0, y=0, z=0} class_2338{x=-850, y=1, z=-332}
[02:03:09] [Server thread/WARN]: Mismatch in destroy block pos: class_2338{x=0, y=0, z=0} class_2338{x=-850, y=1, z=-332}
[02:03:09] [Server thread/WARN]: Mismatch in destroy block pos: class_2338{x=0, y=0, z=0} class_2338{x=-850, y=1, z=-333}
[02:03:09] [Server thread/WARN]: Mismatch in destroy block pos: class_2338{x=0, y=0, z=0} class_2338{x=-849, y=1, z=-335}
[02:03:10] [Server thread/WARN]: Mismatch in destroy block pos: class_2338{x=0, y=0, z=0} class_2338{x=-849, y=3, z=-337}
[02:03:11] [Server thread/WARN]: Mismatch in destroy block pos: class_2338{x=0, y=0, z=0} class_2338{x=-849, y=3, z=-337}
[02:03:11] [Server thread/WARN]: Mismatch in destroy block pos: class_2338{x=0, y=0, z=0} class_2338{x=-847, y=3, z=-337}
[02:03:21] [Server thread/INFO]: [Metoops: Teleported JJMAFIA to Metoops]
[02:05:00] [Server thread/INFO]: Nadia__ch[/127.190.80.246:44051] logged in with entity id 4 at (-841.5, 2.0, -335.5)
[02:05:00] [Server thread/INFO]: Nadia__ch joined the game
[02:05:00] [ForkJoinPool.commonPool-worker-8/INFO]: Loaded 2 player data objects (took 0s 296ms)
[02:05:01] [Server thread/INFO]: [voicechat] Received secret request of Nadia__ch (20)
[02:05:01] [Server thread/INFO]: [voicechat] Sent secret to Nadia__ch
[02:05:01] [VoiceChatPacketProcessingThread/INFO]: [voicechat] Successfully authenticated player 6a96ee7a-bbd3-3f26-a53f-627326e985e6
[02:05:03] [VoiceChatPacketProcessingThread/INFO]: [voicechat] Successfully validated connection of player 6a96ee7a-bbd3-3f26-a53f-627326e985e6
[02:05:03] [VoiceChatPacketProcessingThread/INFO]: [voicechat] Player Nadia__ch (6a96ee7a-bbd3-3f26-a53f-627326e985e6) successfully connected to voice chat
[02:06:14] [Server thread/INFO]: [Metoops: Teleported Nadia__ch to Metoops]
[02:06:17] [Server thread/INFO]: Matconklor[/127.85.59.155:44699] logged in with entity id 10 at (-845.5, 2.0, -324.5)
[02:06:17] [Server thread/INFO]: Matconklor joined the game
[02:06:17] [ForkJoinPool.commonPool-worker-10/INFO]: Loaded 2 player data objects (took 0s 301ms)
[02:06:18] [Server thread/INFO]: [voicechat] Received secret request of Matconklor (20)
[02:06:18] [Server thread/INFO]: [voicechat] Sent secret to Matconklor
[02:06:19] [VoiceChatPacketProcessingThread/INFO]: [voicechat] Successfully authenticated player e7f549fa-46ff-3adc-a7ad-ac6d4d6129c0
[02:06:21] [VoiceChatPacketProcessingThread/INFO]: [voicechat] Successfully validated connection of player e7f549fa-46ff-3adc-a7ad-ac6d4d6129c0
[02:06:21] [VoiceChatPacketProcessingThread/INFO]: [voicechat] Player Matconklor (e7f549fa-46ff-3adc-a7ad-ac6d4d6129c0) successfully connected to voice chat
[02:06:31] [Server thread/INFO]: [Metoops: Teleported Matconklor to Metoops]
[02:07:07] [Server thread/INFO]: Sebestia9980[/127.21.93.234:60763] logged in with entity id 11 at (-839.5, 2.0, -332.5)
[02:07:07] [Server thread/INFO]: Sebestia9980 joined the game
[02:07:07] [Server thread/INFO]: [voicechat] Received secret request of Sebestia9980 (20)
[02:07:07] [Server thread/INFO]: [voicechat] Sent secret to Sebestia9980
[02:07:07] [ForkJoinPool.commonPool-worker-9/INFO]: Loaded 2 player data objects (took 0s 294ms)
[02:07:08] [VoiceChatPacketProcessingThread/INFO]: [voicechat] Successfully authenticated player 330e8fec-3ac6-3691-93e9-554ce85adcf4
[02:07:10] [VoiceChatPacketProcessingThread/INFO]: [voicechat] Successfully validated connection of player 330e8fec-3ac6-3691-93e9-554ce85adcf4
[02:07:10] [VoiceChatPacketProcessingThread/INFO]: [voicechat] Player Sebestia9980 (330e8fec-3ac6-3691-93e9-554ce85adcf4) successfully connected to voice chat
[02:07:12] [VoiceChatPacketProcessingThread/INFO]: [voicechat] Player 6a96ee7a-bbd3-3f26-a53f-627326e985e6 timed out
[02:07:12] [VoiceChatPacketProcessingThread/INFO]: [voicechat] Reconnecting player Nadia__ch
[02:07:12] [VoiceChatPacketProcessingThread/INFO]: [voicechat] Sent secret to Nadia__ch
[02:07:13] [Server thread/INFO]: Sebestia9980 lost connection: Disconnected
[02:07:13] [Server thread/INFO]: Sebestia9980 left the game
[02:07:13] [Server thread/INFO]: [voicechat] Disconnecting client Sebestia9980
[02:07:26] [Server thread/INFO]: Sebestia9980[/127.21.93.234:43915] logged in with entity id 12 at (-839.5, 2.0, -332.5)
[02:07:26] [Server thread/INFO]: Loaded 2 player data objects (took 0s 0ms)
[02:07:26] [Server thread/INFO]: Sebestia9980 joined the game
[02:07:26] [ForkJoinPool.commonPool-worker-10/INFO]: Loaded 2 player data objects (took 0s 100ms)
[02:07:27] [Server thread/INFO]: [voicechat] Received secret request of Sebestia9980 (20)
[02:07:27] [Server thread/INFO]: [voicechat] Sent secret to Sebestia9980
[02:07:27] [VoiceChatPacketProcessingThread/INFO]: [voicechat] Successfully authenticated player 330e8fec-3ac6-3691-93e9-554ce85adcf4
[02:07:29] [VoiceChatPacketProcessingThread/INFO]: [voicechat] Successfully validated connection of player 330e8fec-3ac6-3691-93e9-554ce85adcf4
[02:07:29] [VoiceChatPacketProcessingThread/INFO]: [voicechat] Player Sebestia9980 (330e8fec-3ac6-3691-93e9-554ce85adcf4) successfully connected to voice chat
[02:07:30] [Server thread/INFO]: Nadia__ch lost connection: You logged in from another location
[02:07:30] [Server thread/INFO]: Nadia__ch left the game
[02:07:30] [Server thread/INFO]: [voicechat] Disconnecting client Nadia__ch
[02:07:30] [Server thread/WARN]: handleDisconnection() called twice
[02:07:32] [Server thread/INFO]: Nadia__ch[/127.189.99.180:35375] logged in with entity id 13 at (-925.3678696696644, 0.0, -355.28412005907984)
[02:07:32] [Server thread/INFO]: Loaded 2 player data objects (took 0s 0ms)
[02:07:32] [Server thread/INFO]: Nadia__ch joined the game
[02:07:32] [ForkJoinPool.commonPool-worker-10/INFO]: Loaded 2 player data objects (took 0s 100ms)
[02:07:32] [Server thread/INFO]: [voicechat] Received secret request of Nadia__ch (20)
[02:07:32] [Server thread/INFO]: [voicechat] Sent secret to Nadia__ch
[02:07:32] [VoiceChatPacketProcessingThread/INFO]: [voicechat] Successfully authenticated player 6a96ee7a-bbd3-3f26-a53f-627326e985e6
[02:07:34] [VoiceChatPacketProcessingThread/INFO]: [voicechat] Successfully validated connection of player 6a96ee7a-bbd3-3f26-a53f-627326e985e6
[02:07:34] [VoiceChatPacketProcessingThread/INFO]: [voicechat] Player Nadia__ch (6a96ee7a-bbd3-3f26-a53f-627326e985e6) successfully connected to voice chat
[02:07:36] [Server thread/INFO]: [Metoops: Teleported Sebestia9980 to Metoops]
[02:07:44] [VoiceChatPacketProcessingThread/INFO]: [voicechat] Player 6a96ee7a-bbd3-3f26-a53f-627326e985e6 timed out
[02:07:44] [VoiceChatPacketProcessingThread/INFO]: [voicechat] Reconnecting player Nadia__ch
[02:07:44] [VoiceChatPacketProcessingThread/INFO]: [voicechat] Sent secret to Nadia__ch
[02:07:57] [Server thread/INFO]: Nadia__ch lost connection: You logged in from another location
[02:07:57] [Server thread/INFO]: Nadia__ch left the game
[02:07:57] [Server thread/INFO]: [voicechat] Disconnecting client Nadia__ch
[02:07:58] [Server thread/INFO]: Sebestia9980 lost connection: Disconnected
[02:07:58] [Server thread/INFO]: Sebestia9980 left the game
[02:07:58] [Server thread/INFO]: [voicechat] Disconnecting client Sebestia9980
[02:07:59] [Server thread/INFO]: Nadia__ch[/127.190.80.246:46419] logged in with entity id 14 at (-925.1748650356162, 0.0, -353.28770489383396)
[02:07:59] [Server thread/INFO]: Loaded 2 player data objects (took 0s 0ms)
[02:07:59] [Server thread/INFO]: Nadia__ch joined the game
[02:07:59] [ForkJoinPool.commonPool-worker-7/INFO]: Loaded 2 player data objects (took 0s 107ms)
[02:07:59] [Server thread/INFO]: [voicechat] Received secret request of Nadia__ch (20)
[02:07:59] [Server thread/INFO]: [voicechat] Sent secret to Nadia__ch
[02:07:59] [VoiceChatPacketProcessingThread/INFO]: [voicechat] Successfully authenticated player 6a96ee7a-bbd3-3f26-a53f-627326e985e6
[02:08:01] [VoiceChatPacketProcessingThread/INFO]: [voicechat] Successfully validated connection of player 6a96ee7a-bbd3-3f26-a53f-627326e985e6
[02:08:01] [VoiceChatPacketProcessingThread/INFO]: [voicechat] Player Nadia__ch (6a96ee7a-bbd3-3f26-a53f-627326e985e6) successfully connected to voice chat
[02:08:17] [Server thread/INFO]: Sebestia9980[/127.21.93.234:44961] logged in with entity id 15 at (-928.325165567328, 0.0, -350.9289835670687)
[02:08:17] [Server thread/INFO]: Loaded 2 player data objects (took 0s 0ms)
[02:08:17] [Server thread/INFO]: Sebestia9980 joined the game
[02:08:17] [ForkJoinPool.commonPool-worker-7/INFO]: Loaded 2 player data objects (took 0s 99ms)
[02:08:18] [Server thread/INFO]: [voicechat] Received secret request of Sebestia9980 (20)
[02:08:18] [Server thread/INFO]: [voicechat] Sent secret to Sebestia9980
[02:08:18] [VoiceChatPacketProcessingThread/INFO]: [voicechat] Successfully authenticated player 330e8fec-3ac6-3691-93e9-554ce85adcf4
[02:08:20] [VoiceChatPacketProcessingThread/INFO]: [voicechat] Successfully validated connection of player 330e8fec-3ac6-3691-93e9-554ce85adcf4
[02:08:20] [VoiceChatPacketProcessingThread/INFO]: [voicechat] Player Sebestia9980 (330e8fec-3ac6-3691-93e9-554ce85adcf4) successfully connected to voice chat
[02:13:11] [Server thread/INFO]: CMSolis20[/127.161.183.26:51639] logged in with entity id 18 at (-850.5, 2.0, -320.5)
[02:13:11] [Server thread/INFO]: CMSolis20 joined the game
[02:13:12] [ForkJoinPool.commonPool-worker-13/INFO]: Loaded 2 player data objects (took 0s 310ms)
[02:13:13] [Server thread/INFO]: [voicechat] Received secret request of CMSolis20 (20)
[02:13:13] [Server thread/INFO]: [voicechat] Sent secret to CMSolis20
[02:13:14] [VoiceChatPacketProcessingThread/INFO]: [voicechat] Successfully authenticated player 0abd3fee-a62a-3fc0-b822-ca902097b0bc
[02:13:16] [VoiceChatPacketProcessingThread/INFO]: [voicechat] Successfully validated connection of player 0abd3fee-a62a-3fc0-b822-ca902097b0bc
[02:13:16] [VoiceChatPacketProcessingThread/INFO]: [voicechat] Player CMSolis20 (0abd3fee-a62a-3fc0-b822-ca902097b0bc) successfully connected to voice chat
[02:13:40] [Server thread/WARN]: Mismatch in destroy block pos: class_2338{x=0, y=0, z=0} class_2338{x=-843, y=1, z=-328}
[02:13:40] [Server thread/WARN]: Mismatch in destroy block pos: class_2338{x=0, y=0, z=0} class_2338{x=-842, y=1, z=-328}
[02:13:40] [Server thread/WARN]: Mismatch in destroy block pos: class_2338{x=0, y=0, z=0} class_2338{x=-842, y=1, z=-329}
[02:13:41] [Server thread/WARN]: Mismatch in destroy block pos: class_2338{x=0, y=0, z=0} class_2338{x=-841, y=1, z=-329}
[02:13:41] [Server thread/WARN]: Mismatch in destroy block pos: class_2338{x=0, y=0, z=0} class_2338{x=-841, y=1, z=-330}
[02:13:41] [Server thread/WARN]: Mismatch in destroy block pos: class_2338{x=0, y=0, z=0} class_2338{x=-841, y=1, z=-331}
[02:13:41] [Server thread/WARN]: Mismatch in destroy block pos: class_2338{x=0, y=0, z=0} class_2338{x=-840, y=1, z=-331}
[02:13:42] [Server thread/WARN]: Mismatch in destroy block pos: class_2338{x=0, y=0, z=0} class_2338{x=-841, y=1, z=-332}
[02:13:42] [Server thread/WARN]: Mismatch in destroy block pos: class_2338{x=0, y=0, z=0} class_2338{x=-841, y=1, z=-333}
[02:13:42] [Server thread/WARN]: Mismatch in destroy block pos: class_2338{x=0, y=0, z=0} class_2338{x=-841, y=1, z=-334}
[02:13:42] [Server thread/WARN]: Mismatch in destroy block pos: class_2338{x=0, y=0, z=0} class_2338{x=-842, y=1, z=-334}
[02:13:42] [Server thread/WARN]: Mismatch in destroy block pos: class_2338{x=0, y=0, z=0} class_2338{x=-842, y=1, z=-335}
[02:13:42] [Server thread/WARN]: Mismatch in destroy block pos: class_2338{x=0, y=0, z=0} class_2338{x=-843, y=1, z=-335}
[02:13:42] [Server thread/WARN]: Mismatch in destroy block pos: class_2338{x=0, y=0, z=0} class_2338{x=-843, y=1, z=-336}
[02:13:42] [Server thread/WARN]: Mismatch in destroy block pos: class_2338{x=0, y=0, z=0} class_2338{x=-845, y=1, z=-334}
[02:13:42] [Server thread/WARN]: Mismatch in destroy block pos: class_2338{x=0, y=0, z=0} class_2338{x=-845, y=1, z=-335}
[02:13:43] [Server thread/WARN]: Mismatch in destroy block pos: class_2338{x=0, y=0, z=0} class_2338{x=-846, y=1, z=-335}
[02:13:43] [Server thread/WARN]: Mismatch in destroy block pos: class_2338{x=0, y=0, z=0} class_2338{x=-847, y=1, z=-335}
[02:13:43] [Server thread/WARN]: Mismatch in destroy block pos: class_2338{x=0, y=0, z=0} class_2338{x=-848, y=1, z=-335}
[02:13:45] [Server thread/INFO]: [Metoops: Teleported CMSolis20 to Metoops]
[02:15:51] [Server thread/WARN]: Mismatch in destroy block pos: class_2338{x=-889, y=1, z=-341} class_2338{x=-888, y=-1, z=-340}
[02:17:58] [Server thread/INFO]: JJMAFIA fell out of the world
[02:18:08] [Server thread/INFO]: [Metoops: Teleported 6 entities to Metoops]
[02:18:15] [Server thread/INFO]: [Metoops: Set own game mode to Adventure Mode]
[02:18:15] [Server thread/INFO]: [Metoops: Set Matconklor's game mode to Adventure Mode]
[02:18:15] [Server thread/INFO]: [Metoops: Set Nadia__ch's game mode to Adventure Mode]
[02:18:15] [Server thread/INFO]: [Metoops: Set Sebestia9980's game mode to Adventure Mode]
[02:18:15] [Server thread/INFO]: [Metoops: Set CMSolis20's game mode to Adventure Mode]
[02:18:15] [Server thread/INFO]: [Metoops: Set JJMAFIA's game mode to Adventure Mode]
[02:18:33] [Server thread/INFO]: Set Metoops's game mode to Creative Mode
[02:18:57] [Server thread/INFO]: enixtr[/127.234.96.89:48799] logged in with entity id 128 at (-855.5, 22.0, -335.5)
[02:18:57] [Server thread/INFO]: enixtr joined the game
[02:18:58] [ForkJoinPool.commonPool-worker-18/INFO]: Loaded 2 player data objects (took 0s 311ms)
[02:18:58] [Server thread/INFO]: [voicechat] Received secret request of enixtr (20)
[02:18:58] [Server thread/INFO]: [voicechat] Sent secret to enixtr
[02:19:00] [VoiceChatPacketProcessingThread/INFO]: [voicechat] Successfully authenticated player e1b6c50c-e6b3-3fae-b189-5ff3a7d29c66
[02:19:01] [Server thread/INFO]: [Metoops: Teleported enixtr to Metoops]
[02:19:02] [VoiceChatPacketProcessingThread/INFO]: [voicechat] Successfully validated connection of player e1b6c50c-e6b3-3fae-b189-5ff3a7d29c66
[02:19:02] [VoiceChatPacketProcessingThread/INFO]: [voicechat] Player enixtr (e1b6c50c-e6b3-3fae-b189-5ff3a7d29c66) successfully connected to voice chat
[02:19:23] [Server thread/INFO]: [Metoops: Set own game mode to Survival Mode]
[02:19:23] [Server thread/INFO]: [Metoops: Set Matconklor's game mode to Survival Mode]
[02:19:23] [Server thread/INFO]: [Metoops: Set Nadia__ch's game mode to Survival Mode]
[02:19:23] [Server thread/INFO]: [Metoops: Set Sebestia9980's game mode to Survival Mode]
[02:19:23] [Server thread/INFO]: [Metoops: Set CMSolis20's game mode to Survival Mode]
[02:19:23] [Server thread/INFO]: [Metoops: Set JJMAFIA's game mode to Survival Mode]
[02:19:34] [Server thread/INFO]: Set Metoops's game mode to Creative Mode
[02:19:59] [Server thread/INFO]: CMSolis20 fell out of the world
[02:20:01] [Server thread/INFO]: enixtr fell out of the world
[02:20:07] [Server thread/INFO]: [Metoops: Teleported 7 entities to Metoops]
[02:20:15] [Server thread/INFO]: yannush[/127.192.76.36:40827] logged in with entity id 136 at (-851.5, 2.0, -318.5)
[02:20:15] [Server thread/INFO]: yannush joined the game
[02:20:16] [ForkJoinPool.commonPool-worker-19/INFO]: Loaded 2 player data objects (took 0s 297ms)
[02:20:17] [Server thread/INFO]: [voicechat] Received secret request of yannush (20)
[02:20:17] [Server thread/INFO]: [voicechat] Sent secret to yannush
[02:20:17] [VoiceChatPacketProcessingThread/INFO]: [voicechat] Successfully authenticated player 7d65f67d-2086-3dc4-bc55-f4a8c33ae1d9
[02:20:19] [VoiceChatPacketProcessingThread/INFO]: [voicechat] Successfully validated connection of player 7d65f67d-2086-3dc4-bc55-f4a8c33ae1d9
[02:20:19] [VoiceChatPacketProcessingThread/INFO]: [voicechat] Player yannush (7d65f67d-2086-3dc4-bc55-f4a8c33ae1d9) successfully connected to voice chat
[02:20:20] [Server thread/INFO]: [Metoops: Teleported yannush to Metoops]
[02:21:39] [Server thread/INFO]: [Metoops: Teleported Sebestia9980 to Metoops]
[02:21:59] [Server thread/INFO]: [Metoops: Teleported CMSolis20 to Metoops]
[02:22:59] [Server thread/INFO]: [Metoops: Teleported Sebestia9980 to Metoops]
[02:24:49] [Server thread/INFO]: [Metoops: Teleported yannush to Metoops]
[02:25:41] [Server thread/INFO]: Train reset failed: Clone positions not loaded. Queueing another attempt.
[02:25:42] [Server thread/WARN]: Nadia__ch moved too quickly! -963.0,-122.07840000152588,175.0
[02:25:42] [Server thread/WARN]: yannush moved too quickly! -963.0,-122.07840000152588,175.0
[02:25:42] [Server thread/WARN]: JJMAFIA moved too quickly! -963.0,-122.07840000152588,175.0
[02:25:42] [Server thread/WARN]: Sebestia9980 moved too quickly! -963.0,-122.23363200604248,175.0
[02:26:59] [Server thread/INFO]: Unknown or incomplete command, see below for error
[02:26:59] [Server thread/INFO]: deop metoops<--[HERE]
[02:27:05] [Server thread/INFO]: Made Metoops no longer a server operator
[02:28:22] [Server thread/INFO]: Train reset successful.
[02:31:55] [Server thread/INFO]: Made Metoops a server operator
[02:32:00] [Server thread/INFO]: Train reset failed: Clone positions not loaded. Queueing another attempt.
[02:32:17] [Server thread/INFO]: Train reset successful.
[02:33:24] [Server thread/INFO]: Train reset failed: Clone positions not loaded. Queueing another attempt.
[02:37:07] [Server thread/INFO]: Train reset successful.
[02:37:41] [Server thread/INFO]: A player is required to run this command here
[02:37:49] [Server thread/INFO]: Set Metoops's game mode to Creative Mode
[02:39:06] [Server thread/INFO]: Train reset failed: Clone positions not loaded. Queueing another attempt.
[02:42:51] [Server thread/WARN]: CMSolis20 moved too quickly! -10.15648189049373,0.0,-0.06986193681302666
[02:48:32] [Server thread/INFO]: Train reset successful.
[02:49:17] [Server thread/INFO]: Unknown or incomplete command, see below for error
[02:49:17] [Server thread/INFO]: GAMEMODE CREATIVE METOOPS<--[HERE]
[02:49:31] [Server thread/INFO]: Set Metoops's game mode to Creative Mode
[02:49:47] [Server thread/INFO]: [Metoops: Teleported Matconklor to Metoops]
[02:50:06] [Server thread/INFO]: [Metoops: Teleported Metoops to Matconklor]
[02:50:32] [Server thread/INFO]: Train reset failed: Clone positions not loaded. Queueing another attempt.
[03:02:38] [Server thread/INFO]: Train reset successful.
[03:04:38] [Server thread/INFO]: Set Metoops's game mode to Creative Mode
[03:05:38] [Server thread/INFO]: [Metoops: Gamerule commandBlockOutput is now set to: true]
[03:06:14] [Server thread/INFO]: Train reset failed: Clone positions not loaded. Queueing another attempt.
[03:08:37] [Server thread/INFO]: Train reset successful.
[03:09:49] [Server thread/INFO]: Set Metoops's game mode to Creative Mode
[03:10:52] [Server thread/INFO]: [Not Secure] <Metoops> SUBANSE TODOOOOS
[03:11:28] [Server thread/INFO]: Train reset failed: Clone positions not loaded. Queueing another attempt.
[03:14:00] [Server thread/INFO]: ZenAkuxd[/127.240.241.181:47255] logged in with entity id 381 at (-841.5, 2.0, -325.5)
[03:14:00] [Server thread/INFO]: ZenAkuxd joined the game
[03:14:01] [ForkJoinPool.commonPool-worker-29/INFO]: Loaded 2 player data objects (took 0s 305ms)
[03:14:01] [Server thread/INFO]: [voicechat] Received secret request of ZenAkuxd (20)
[03:14:01] [Server thread/INFO]: [voicechat] Sent secret to ZenAkuxd
[03:14:02] [VoiceChatPacketProcessingThread/INFO]: [voicechat] Successfully authenticated player b3fed6d4-74af-3417-be96-ea036327a919
[03:14:04] [VoiceChatPacketProcessingThread/INFO]: [voicechat] Successfully validated connection of player b3fed6d4-74af-3417-be96-ea036327a919
[03:14:04] [VoiceChatPacketProcessingThread/INFO]: [voicechat] Player ZenAkuxd (b3fed6d4-74af-3417-be96-ea036327a919) successfully connected to voice chat
[03:14:05] [Server thread/INFO]: [Not Secure] <CMSolis20> ya vino
[03:21:07] [Server thread/INFO]: Train reset successful.
[03:22:32] [Server thread/INFO]: A player is required to run this command here
[03:22:41] [Server thread/INFO]: Set Metoops's game mode to Creative Mode
[03:23:10] [Server thread/INFO]: Train reset failed: Clone positions not loaded. Queueing another attempt.
[03:30:21] [Server thread/INFO]: Train reset successful.
[03:31:31] [Server thread/INFO]: Set Metoops's game mode to Creative Mode
[03:31:53] [Server thread/INFO]: Train reset failed: Clone positions not loaded. Queueing another attempt.
[03:41:02] [Server thread/INFO]: [Not Secure] <Metoops> ticona webon
[03:44:24] [Server thread/INFO]: Train reset successful.
[03:45:26] [Server thread/INFO]: Unknown or incomplete command, see below for error
[03:45:26] [Server thread/INFO]: gaggamemode creative metoops<--[HERE]
[03:45:38] [Server thread/INFO]: Set Metoops's game mode to Creative Mode
[03:46:11] [Server thread/INFO]: [Not Secure] <Metoops> subanse crjo
[03:46:19] [Server thread/INFO]: Nadia__ch lost connection: Disconnected
[03:46:19] [Server thread/INFO]: Nadia__ch left the game
[03:46:19] [Server thread/INFO]: [voicechat] Disconnecting client Nadia__ch
[03:46:23] [Server thread/INFO]: Sebestia9980 lost connection: Disconnected
[03:46:23] [Server thread/INFO]: Sebestia9980 left the game
[03:46:23] [Server thread/INFO]: [voicechat] Disconnecting client Sebestia9980
[03:46:41] [Server thread/INFO]: Train reset failed: Clone positions not loaded. Queueing another attempt.
[03:55:05] [Server thread/INFO]: Train reset successful.
[03:55:25] [Server thread/INFO]: A player is required to run this command here
[03:56:15] [Server thread/INFO]: Unknown or incomplete command, see below for error
[03:56:15] [Server thread/INFO]: gamemode creative metoops<--[HERE]
[03:56:21] [Server thread/INFO]: Set Metoops's game mode to Creative Mode
[03:56:27] [Server thread/WARN]: Metoops moved too quickly! -9.939020958602327,0.21870144869041486,-2.693119443611806
[03:56:50] [Server thread/INFO]: Train reset failed: Clone positions not loaded. Queueing another attempt.
